2019-04-05 06:26:43 [main] DEBUG o.s.b.d.settings.DevToolsSettings -
				Included patterns for restart : []
2019-04-05 06:26:43 [main] DEBUG o.s.b.d.settings.DevToolsSettings -
				Excluded patterns for restart : [/spring-boot-actuator/target/classes/, /spring-boot-devtools/target/classes/, /spring-boot/target/classes/, /spring-boot-starter-[\w-]+/, /spring-boot-autoconfigure/target/classes/, /spring-boot-starter/target/classes/]
2019-04-05 06:26:43 [main] DEBUG o.s.b.d.restart.ChangeableUrls -
				Matching URLs for reloading : [file:/home/ubuntu/Desktop/finalfsd/NoteService/target/classes/]
2019-04-05 06:26:43 [restartedMain] DEBUG o.s.c.e.PropertySourcesPropertyResolver -
				Could not find key 'logging.register-shutdown-hook' in any property source
2019-04-05 06:26:43 [restartedMain] DEBUG o.s.b.c.l.ClasspathLoggingApplicationListener -
				Application started with classpath: [file:/home/ubuntu/Desktop/finalfsd/NoteService/target/classes/]
2019-04-05 06:26:43 [restartedMain] DEBUG o.s.c.e.PropertySourcesPropertyResolver -
				Could not find key 'context.listener.classes' in any property source
2019-04-05 06:26:43 [restartedMain] DEBUG org.springframework.beans.BeanUtils -
				No property editor [org.springframework.boot.WebApplicationTypeEditor] found for type org.springframework.boot.WebApplicationType according to 'Editor' suffix convention
2019-04-05 06:26:44 [restartedMain] DEBUG o.s.core.env.StandardEnvironment -
				Removing PropertySource 'configurationProperties'
2019-04-05 06:26:44 [restartedMain] DEBUG o.s.core.env.StandardEnvironment -
				Adding PropertySource 'configurationProperties' with highest search precedence
2019-04-05 06:26:44 [restartedMain] DEBUG o.s.c.e.PropertySourcesPropertyResolver -
				Could not find key 'spring.beaninfo.ignore' in any property source
2019-04-05 06:26:44 [restartedMain] DEBUG o.s.core.env.StandardEnvironment -
				Adding PropertySource 'systemProperties' with lowest search precedence
2019-04-05 06:26:44 [restartedMain] DEBUG o.s.core.env.StandardEnvironment -
				Adding PropertySource 'systemEnvironment' with lowest search precedence
2019-04-05 06:26:44 [restartedMain] DEBUG o.s.core.env.StandardEnvironment -
				Initialized StandardEnvironment with PropertySources [MapPropertySource@2105322888 {name='systemProperties', properties={com.sun.management.jmxremote.authenticate=false, java.runtime.name=OpenJDK Runtime Environment, sun.boot.library.path=/usr/lib/jvm/java-8-openjdk-amd64/jre/lib/amd64, java.vm.version=25.191-b12, java.vm.vendor=Oracle Corporation, java.vendor.url=http://java.oracle.com/, java.rmi.server.randomIDs=true, path.separator=:, java.vm.name=OpenJDK 64-Bit Server VM, file.encoding.pkg=sun.io, user.country=US, sun.java.launcher=SUN_STANDARD, sun.os.patch.level=unknown, PID=4648, com.sun.management.jmxremote.port=38104, java.vm.specification.name=Java Virtual Machine Specification, user.dir=/home/ubuntu/Desktop/finalfsd/NoteService, java.runtime.version=1.8.0_191-8u191-b12-2ubuntu0.16.04.1-b12, java.awt.graphicsenv=sun.awt.X11GraphicsEnvironment, java.endorsed.dirs=/usr/lib/jvm/java-8-openjdk-amd64/jre/lib/endorsed, os.arch=amd64, java.io.tmpdir=/tmp, line.separator=
, java.vm.specification.vendor=Oracle Corporation, os.name=Linux, sun.jnu.encoding=UTF-8, spring.beaninfo.ignore=true, java.library.path=/usr/java/packages/lib/amd64:/usr/lib/x86_64-linux-gnu/jni:/lib/x86_64-linux-gnu:/usr/lib/x86_64-linux-gnu:/usr/lib/jni:/lib:/usr/lib, java.specification.name=Java Platform API Specification, java.class.version=52.0, sun.management.compiler=HotSpot 64-Bit Tiered Compilers, spring.liveBeansView.mbeanDomain=, os.version=4.4.0-1079-aws, user.home=/home/ubuntu, user.timezone=Etc/UTC, java.awt.printerjob=sun.print.PSPrinterJob, file.encoding=UTF-8, java.specification.version=1.8, java.class.path=/home/ubuntu/Desktop/finalfsd/NoteService/target/classes:/home/ubuntu/.m2/repository/org/springframework/boot/spring-boot-starter-web/2.0.2.RELEASE/spring-boot-starter-web-2.0.2.RELEASE.jar:/home/ubuntu/.m2/repository/org/springframework/boot/spring-boot-starter/2.0.2.RELEASE/spring-boot-starter-2.0.2.RELEASE.jar:/home/ubuntu/.m2/repository/org/springframework/boot/spring-boot-starter-logging/2.0.2.RELEASE/spring-boot-starter-logging-2.0.2.RELEASE.jar:/home/ubuntu/.m2/repository/ch/qos/logback/logback-classic/1.2.3/logback-classic-1.2.3.jar:/home/ubuntu/.m2/repository/ch/qos/logback/logback-core/1.2.3/logback-core-1.2.3.jar:/home/ubuntu/.m2/repository/org/apache/logging/log4j/log4j-to-slf4j/2.10.0/log4j-to-slf4j-2.10.0.jar:/home/ubuntu/.m2/repository/org/apache/logging/log4j/log4j-api/2.10.0/log4j-api-2.10.0.jar:/home/ubuntu/.m2/repository/org/slf4j/jul-to-slf4j/1.7.25/jul-to-slf4j-1.7.25.jar:/home/ubuntu/.m2/repository/javax/annotation/javax.annotation-api/1.3.2/javax.annotation-api-1.3.2.jar:/home/ubuntu/.m2/repository/org/yaml/snakeyaml/1.19/snakeyaml-1.19.jar:/home/ubuntu/.m2/repository/org/springframework/boot/spring-boot-starter-json/2.0.2.RELEASE/spring-boot-starter-json-2.0.2.RELEASE.jar:/home/ubuntu/.m2/repository/com/fasterxml/jackson/datatype/jackson-datatype-jdk8/2.9.5/jackson-datatype-jdk8-2.9.5.jar:/home/ubuntu/.m2/repository/com/fasterxml/jackson/datatype/jackson-datatype-jsr310/2.9.5/jackson-datatype-jsr310-2.9.5.jar:/home/ubuntu/.m2/repository/com/fasterxml/jackson/module/jackson-module-parameter-names/2.9.5/jackson-module-parameter-names-2.9.5.jar:/home/ubuntu/.m2/repository/org/springframework/boot/spring-boot-starter-tomcat/2.0.2.RELEASE/spring-boot-starter-tomcat-2.0.2.RELEASE.jar:/home/ubuntu/.m2/repository/org/apache/tomcat/embed/tomcat-embed-core/8.5.31/tomcat-embed-core-8.5.31.jar:/home/ubuntu/.m2/repository/org/apache/tomcat/embed/tomcat-embed-el/8.5.31/tomcat-embed-el-8.5.31.jar:/home/ubuntu/.m2/repository/org/apache/tomcat/embed/tomcat-embed-websocket/8.5.31/tomcat-embed-websocket-8.5.31.jar:/home/ubuntu/.m2/repository/org/hibernate/validator/hibernate-validator/6.0.9.Final/hibernate-validator-6.0.9.Final.jar:/home/ubuntu/.m2/repository/javax/validation/validation-api/2.0.1.Final/validation-api-2.0.1.Final.jar:/home/ubuntu/.m2/repository/org/jboss/logging/jboss-logging/3.3.2.Final/jboss-logging-3.3.2.Final.jar:/home/ubuntu/.m2/repository/org/springframework/spring-web/5.0.6.RELEASE/spring-web-5.0.6.RELEASE.jar:/home/ubuntu/.m2/repository/org/springframework/spring-beans/5.0.6.RELEASE/spring-beans-5.0.6.RELEASE.jar:/home/ubuntu/.m2/repository/org/springframework/spring-webmvc/5.0.6.RELEASE/spring-webmvc-5.0.6.RELEASE.jar:/home/ubuntu/.m2/repository/org/springframework/spring-expression/5.0.6.RELEASE/spring-expression-5.0.6.RELEASE.jar:/home/ubuntu/.m2/repository/org/springframework/cloud/spring-cloud-starter-config/2.0.2.RELEASE/spring-cloud-starter-config-2.0.2.RELEASE.jar:/home/ubuntu/.m2/repository/org/springframework/cloud/spring-cloud-starter/2.0.2.RELEASE/spring-cloud-starter-2.0.2.RELEASE.jar:/home/ubuntu/.m2/repository/org/springframework/cloud/spring-cloud-context/2.0.2.RELEASE/spring-cloud-context-2.0.2.RELEASE.jar:/home/ubuntu/.m2/repository/org/springframework/security/spring-security-rsa/1.0.7.RELEASE/spring-security-rsa-1.0.7.RELEASE.jar:/home/ubuntu/.m2/repository/org/bouncycastle/bcpkix-jdk15on/1.60/bcpkix-jdk15on-1.60.jar:/home/ubuntu/.m2/repository/org/bouncycastle/bcprov-jdk15on/1.60/bcprov-jdk15on-1.60.jar:/home/ubuntu/.m2/repository/org/springframework/cloud/spring-cloud-config-client/2.0.2.RELEASE/spring-cloud-config-client-2.0.2.RELEASE.jar:/home/ubuntu/.m2/repository/org/springframework/cloud/spring-cloud-starter-netflix-eureka-server/2.0.2.RELEASE/spring-cloud-starter-netflix-eureka-server-2.0.2.RELEASE.jar:/home/ubuntu/.m2/repository/org/springframework/cloud/spring-cloud-netflix-eureka-server/2.0.2.RELEASE/spring-cloud-netflix-eureka-server-2.0.2.RELEASE.jar:/home/ubuntu/.m2/repository/org/springframework/boot/spring-boot-starter-actuator/2.0.2.RELEASE/spring-boot-starter-actuator-2.0.2.RELEASE.jar:/home/ubuntu/.m2/repository/org/springframework/boot/spring-boot-actuator-autoconfigure/2.0.2.RELEASE/spring-boot-actuator-autoconfigure-2.0.2.RELEASE.jar:/home/ubuntu/.m2/repository/org/springframework/boot/spring-boot-actuator/2.0.2.RELEASE/spring-boot-actuator-2.0.2.RELEASE.jar:/home/ubuntu/.m2/repository/io/micrometer/micrometer-core/1.0.4/micrometer-core-1.0.4.jar:/home/ubuntu/.m2/repository/org/latencyutils/LatencyUtils/2.0.3/LatencyUtils-2.0.3.jar:/home/ubuntu/.m2/repository/org/springframework/boot/spring-boot-starter-freemarker/2.0.2.RELEASE/spring-boot-starter-freemarker-2.0.2.RELEASE.jar:/home/ubuntu/.m2/repository/org/freemarker/freemarker/2.3.28/freemarker-2.3.28.jar:/home/ubuntu/.m2/repository/com/sun/jersey/jersey-servlet/1.19.1/jersey-servlet-1.19.1.jar:/home/ubuntu/.m2/repository/com/sun/jersey/jersey-server/1.19.1/jersey-server-1.19.1.jar:/home/ubuntu/.m2/repository/com/netflix/archaius/archaius-core/0.7.6/archaius-core-0.7.6.jar:/home/ubuntu/.m2/repository/com/google/code/findbugs/jsr305/3.0.1/jsr305-3.0.1.jar:/home/ubuntu/.m2/repository/javax/inject/javax.inject/1/javax.inject-1.jar:/home/ubuntu/.m2/repository/com/fasterxml/jackson/dataformat/jackson-dataformat-xml/2.9.5/jackson-dataformat-xml-2.9.5.jar:/home/ubuntu/.m2/repository/com/fasterxml/jackson/module/jackson-module-jaxb-annotations/2.9.5/jackson-module-jaxb-annotations-2.9.5.jar:/home/ubuntu/.m2/repository/org/codehaus/woodstox/stax2-api/3.1.4/stax2-api-3.1.4.jar:/home/ubuntu/.m2/repository/com/fasterxml/woodstox/woodstox-core/5.0.3/woodstox-core-5.0.3.jar:/home/ubuntu/.m2/repository/org/springframework/cloud/spring-cloud-starter-netflix-archaius/2.0.2.RELEASE/spring-cloud-starter-netflix-archaius-2.0.2.RELEASE.jar:/home/ubuntu/.m2/repository/org/springframework/cloud/spring-cloud-netflix-archaius/2.0.2.RELEASE/spring-cloud-netflix-archaius-2.0.2.RELEASE.jar:/home/ubuntu/.m2/repository/commons-configuration/commons-configuration/1.8/commons-configuration-1.8.jar:/home/ubuntu/.m2/repository/com/netflix/ribbon/ribbon-eureka/2.2.5/ribbon-eureka-2.2.5.jar:/home/ubuntu/.m2/repository/org/springframework/boot/spring-boot-devtools/2.0.2.RELEASE/spring-boot-devtools-2.0.2.RELEASE.jar:/home/ubuntu/.m2/repository/org/springframework/boot/spring-boot/2.0.2.RELEASE/spring-boot-2.0.2.RELEASE.jar:/home/ubuntu/.m2/repository/org/springframework/boot/spring-boot-autoconfigure/2.0.2.RELEASE/spring-boot-autoconfigure-2.0.2.RELEASE.jar:/home/ubuntu/.m2/repository/net/bytebuddy/byte-buddy/1.7.11/byte-buddy-1.7.11.jar:/home/ubuntu/.m2/repository/org/springframework/spring-core/5.0.6.RELEASE/spring-core-5.0.6.RELEASE.jar:/home/ubuntu/.m2/repository/org/springframework/cloud/spring-cloud-starter-netflix-eureka-client/2.0.2.RELEASE/spring-cloud-starter-netflix-eureka-client-2.0.2.RELEASE.jar:/home/ubuntu/.m2/repository/org/springframework/cloud/spring-cloud-netflix-core/2.0.2.RELEASE/spring-cloud-netflix-core-2.0.2.RELEASE.jar:/home/ubuntu/.m2/repository/org/springframework/cloud/spring-cloud-netflix-eureka-client/2.0.2.RELEASE/spring-cloud-netflix-eureka-client-2.0.2.RELEASE.jar:/home/ubuntu/.m2/repository/com/netflix/eureka/eureka-client/1.9.3/eureka-client-1.9.3.jar:/home/ubuntu/.m2/repository/org/codehaus/jettison/jettison/1.3.7/jettison-1.3.7.jar:/home/ubuntu/.m2/repository/stax/stax-api/1.0.1/stax-api-1.0.1.jar:/home/ubuntu/.m2/repository/com/netflix/netflix-commons/netflix-eventbus/0.3.0/netflix-eventbus-0.3.0.jar:/home/ubuntu/.m2/repository/com/netflix/netflix-commons/netflix-infix/0.3.0/netflix-infix-0.3.0.jar:/home/ubuntu/.m2/repository/commons-jxpath/commons-jxpath/1.3/commons-jxpath-1.3.jar:/home/ubuntu/.m2/repository/joda-time/joda-time/2.9.9/joda-time-2.9.9.jar:/home/ubuntu/.m2/repository/org/antlr/antlr-runtime/3.4/antlr-runtime-3.4.jar:/home/ubuntu/.m2/repository/org/antlr/stringtemplate/3.2.1/stringtemplate-3.2.1.jar:/home/ubuntu/.m2/repository/antlr/antlr/2.7.7/antlr-2.7.7.jar:/home/ubuntu/.m2/repository/com/google/code/gson/gson/2.8.4/gson-2.8.4.jar:/home/ubuntu/.m2/repository/org/apache/commons/commons-math/2.2/commons-math-2.2.jar:/home/ubuntu/.m2/repository/javax/ws/rs/jsr311-api/1.1.1/jsr311-api-1.1.1.jar:/home/ubuntu/.m2/repository/com/netflix/servo/servo-core/0.12.21/servo-core-0.12.21.jar:/home/ubuntu/.m2/repository/com/sun/jersey/jersey-core/1.19.1/jersey-core-1.19.1.jar:/home/ubuntu/.m2/repository/com/sun/jersey/jersey-client/1.19.1/jersey-client-1.19.1.jar:/home/ubuntu/.m2/repository/com/sun/jersey/contribs/jersey-apache-client4/1.19.1/jersey-apache-client4-1.19.1.jar:/home/ubuntu/.m2/repository/org/apache/httpcomponents/httpclient/4.5.5/httpclient-4.5.5.jar:/home/ubuntu/.m2/repository/org/apache/httpcomponents/httpcore/4.4.9/httpcore-4.4.9.jar:/home/ubuntu/.m2/repository/commons-codec/commons-codec/1.11/commons-codec-1.11.jar:/home/ubuntu/.m2/repository/com/google/inject/guice/4.1.0/guice-4.1.0.jar:/home/ubuntu/.m2/repository/aopalliance/aopalliance/1.0/aopalliance-1.0.jar:/home/ubuntu/.m2/repository/com/github/vlsi/compactmap/compactmap/1.2.1/compactmap-1.2.1.jar:/home/ubuntu/.m2/repository/com/github/andrewoma/dexx/dexx-collections/0.2/dexx-collections-0.2.jar:/home/ubuntu/.m2/repository/com/netflix/eureka/eureka-core/1.9.3/eureka-core-1.9.3.jar:/home/ubuntu/.m2/repository/org/codehaus/woodstox/woodstox-core-asl/4.4.1/woodstox-core-asl-4.4.1.jar:/home/ubuntu/.m2/repository/javax/xml/stream/stax-api/1.0-2/stax-api-1.0-2.jar:/home/ubuntu/.m2/repository/com/thoughtworks/xstream/xstream/1.4.10/xstream-1.4.10.jar:/home/ubuntu/.m2/repository/xmlpull/xmlpull/1.1.3.1/xmlpull-1.1.3.1.jar:/home/ubuntu/.m2/repository/xpp3/xpp3_min/1.1.4c/xpp3_min-1.1.4c.jar:/home/ubuntu/.m2/repository/org/springframework/cloud/spring-cloud-starter-openfeign/2.0.2.RELEASE/spring-cloud-starter-openfeign-2.0.2.RELEASE.jar:/home/ubuntu/.m2/repository/org/springframework/cloud/spring-cloud-openfeign-core/2.0.2.RELEASE/spring-cloud-openfeign-core-2.0.2.RELEASE.jar:/home/ubuntu/.m2/repository/io/github/openfeign/form/feign-form-spring/3.3.0/feign-form-spring-3.3.0.jar:/home/ubuntu/.m2/repository/io/github/openfeign/form/feign-form/3.3.0/feign-form-3.3.0.jar:/home/ubuntu/.m2/repository/com/google/code/findbugs/annotations/3.0.1/annotations-3.0.1.jar:/home/ubuntu/.m2/repository/net/jcip/jcip-annotations/1.0/jcip-annotations-1.0.jar:/home/ubuntu/.m2/repository/commons-fileupload/commons-fileupload/1.3.3/commons-fileupload-1.3.3.jar:/home/ubuntu/.m2/repository/org/springframework/cloud/spring-cloud-commons/2.0.2.RELEASE/spring-cloud-commons-2.0.2.RELEASE.jar:/home/ubuntu/.m2/repository/org/springframework/security/spring-security-crypto/5.0.5.RELEASE/spring-security-crypto-5.0.5.RELEASE.jar:/home/ubuntu/.m2/repository/io/github/openfeign/feign-core/9.7.0/feign-core-9.7.0.jar:/home/ubuntu/.m2/repository/io/github/openfeign/feign-slf4j/9.7.0/feign-slf4j-9.7.0.jar:/home/ubuntu/.m2/repository/io/github/openfeign/feign-hystrix/9.7.0/feign-hystrix-9.7.0.jar:/home/ubuntu/.m2/repository/com/netflix/hystrix/hystrix-core/1.5.12/hystrix-core-1.5.12.jar:/home/ubuntu/.m2/repository/org/hdrhistogram/HdrHistogram/2.1.9/HdrHistogram-2.1.9.jar:/home/ubuntu/.m2/repository/io/github/openfeign/feign-java8/9.7.0/feign-java8-9.7.0.jar:/home/ubuntu/.m2/repository/org/springframework/cloud/spring-cloud-starter-netflix-ribbon/2.0.2.RELEASE/spring-cloud-starter-netflix-ribbon-2.0.2.RELEASE.jar:/home/ubuntu/.m2/repository/org/springframework/cloud/spring-cloud-netflix-ribbon/2.0.2.RELEASE/spring-cloud-netflix-ribbon-2.0.2.RELEASE.jar:/home/ubuntu/.m2/repository/com/netflix/ribbon/ribbon/2.2.5/ribbon-2.2.5.jar:/home/ubuntu/.m2/repository/com/netflix/ribbon/ribbon-transport/2.2.5/ribbon-transport-2.2.5.jar:/home/ubuntu/.m2/repository/io/reactivex/rxnetty-contexts/0.4.9/rxnetty-contexts-0.4.9.jar:/home/ubuntu/.m2/repository/io/reactivex/rxnetty-servo/0.4.9/rxnetty-servo-0.4.9.jar:/home/ubuntu/.m2/repository/io/reactivex/rxnetty/0.4.9/rxnetty-0.4.9.jar:/home/ubuntu/.m2/repository/com/netflix/ribbon/ribbon-core/2.2.5/ribbon-core-2.2.5.jar:/home/ubuntu/.m2/repository/commons-lang/commons-lang/2.6/commons-lang-2.6.jar:/home/ubuntu/.m2/repository/com/netflix/ribbon/ribbon-httpclient/2.2.5/ribbon-httpclient-2.2.5.jar:/home/ubuntu/.m2/repository/commons-collections/commons-collections/3.2.2/commons-collections-3.2.2.jar:/home/ubuntu/.m2/repository/com/netflix/netflix-commons/netflix-commons-util/0.3.0/netflix-commons-util-0.3.0.jar:/home/ubuntu/.m2/repository/com/netflix/ribbon/ribbon-loadbalancer/2.2.5/ribbon-loadbalancer-2.2.5.jar:/home/ubuntu/.m2/repository/com/netflix/netflix-commons/netflix-statistics/0.1.1/netflix-statistics-0.1.1.jar:/home/ubuntu/.m2/repository/io/reactivex/rxjava/1.3.8/rxjava-1.3.8.jar:/home/ubuntu/.m2/repository/io/jsonwebtoken/jjwt/0.7.0/jjwt-0.7.0.jar:/home/ubuntu/.m2/repository/org/springframework/boot/spring-boot-starter-aop/2.0.2.RELEASE/spring-boot-starter-aop-2.0.2.RELEASE.jar:/home/ubuntu/.m2/repository/org/springframework/spring-aop/5.0.6.RELEASE/spring-aop-5.0.6.RELEASE.jar:/home/ubuntu/.m2/repository/org/aspectj/aspectjweaver/1.8.13/aspectjweaver-1.8.13.jar:/home/ubuntu/.m2/repository/org/springframework/boot/spring-boot-starter-data-mongodb/2.0.2.RELEASE/spring-boot-starter-data-mongodb-2.0.2.RELEASE.jar:/home/ubuntu/.m2/repository/org/mongodb/mongodb-driver/3.6.3/mongodb-driver-3.6.3.jar:/home/ubuntu/.m2/repository/org/mongodb/bson/3.6.3/bson-3.6.3.jar:/home/ubuntu/.m2/repository/org/mongodb/mongodb-driver-core/3.6.3/mongodb-driver-core-3.6.3.jar:/home/ubuntu/.m2/repository/org/springframework/data/spring-data-mongodb/2.0.7.RELEASE/spring-data-mongodb-2.0.7.RELEASE.jar:/home/ubuntu/.m2/repository/org/springframework/spring-tx/5.0.6.RELEASE/spring-tx-5.0.6.RELEASE.jar:/home/ubuntu/.m2/repository/org/springframework/data/spring-data-commons/2.0.7.RELEASE/spring-data-commons-2.0.7.RELEASE.jar:/home/ubuntu/.m2/repository/org/springframework/boot/spring-boot-starter-mail/2.0.2.RELEASE/spring-boot-starter-mail-2.0.2.RELEASE.jar:/home/ubuntu/.m2/repository/org/springframework/spring-context/5.0.6.RELEASE/spring-context-5.0.6.RELEASE.jar:/home/ubuntu/.m2/repository/org/springframework/spring-context-support/5.0.6.RELEASE/spring-context-support-5.0.6.RELEASE.jar:/home/ubuntu/.m2/repository/com/sun/mail/javax.mail/1.6.1/javax.mail-1.6.1.jar:/home/ubuntu/.m2/repository/javax/activation/activation/1.1/activation-1.1.jar:/home/ubuntu/.m2/repository/org/springframework/session/spring-session-core/2.0.3.RELEASE/spring-session-core-2.0.3.RELEASE.jar:/home/ubuntu/.m2/repository/org/springframework/spring-jcl/5.0.6.RELEASE/spring-jcl-5.0.6.RELEASE.jar:/home/ubuntu/.m2/repository/io/springfox/springfox-swagger-ui/2.7.0/springfox-swagger-ui-2.7.0.jar:/home/ubuntu/.m2/repository/io/springfox/springfox-spring-web/2.7.0/springfox-spring-web-2.7.0.jar:/home/ubuntu/.m2/repository/org/reflections/reflections/0.9.11/reflections-0.9.11.jar:/home/ubuntu/.m2/repository/org/javassist/javassist/3.21.0-GA/javassist-3.21.0-GA.jar:/home/ubuntu/.m2/repository/io/springfox/springfox-swagger2/2.7.0/springfox-swagger2-2.7.0.jar:/home/ubuntu/.m2/repository/io/swagger/swagger-annotations/1.5.13/swagger-annotations-1.5.13.jar:/home/ubuntu/.m2/repository/io/swagger/swagger-models/1.5.13/swagger-models-1.5.13.jar:/home/ubuntu/.m2/repository/io/springfox/springfox-spi/2.7.0/springfox-spi-2.7.0.jar:/home/ubuntu/.m2/repository/io/springfox/springfox-core/2.7.0/springfox-core-2.7.0.jar:/home/ubuntu/.m2/repository/io/springfox/springfox-schema/2.7.0/springfox-schema-2.7.0.jar:/home/ubuntu/.m2/repository/io/springfox/springfox-swagger-common/2.7.0/springfox-swagger-common-2.7.0.jar:/home/ubuntu/.m2/repository/com/google/guava/guava/18.0/guava-18.0.jar:/home/ubuntu/.m2/repository/com/fasterxml/classmate/1.3.4/classmate-1.3.4.jar:/home/ubuntu/.m2/repository/org/slf4j/slf4j-api/1.7.25/slf4j-api-1.7.25.jar:/home/ubuntu/.m2/repository/org/springframework/plugin/spring-plugin-core/1.2.0.RELEASE/spring-plugin-core-1.2.0.RELEASE.jar:/home/ubuntu/.m2/repository/org/springframework/plugin/spring-plugin-metadata/1.2.0.RELEASE/spring-plugin-metadata-1.2.0.RELEASE.jar:/home/ubuntu/.m2/repository/org/mapstruct/mapstruct/1.1.0.Final/mapstruct-1.1.0.Final.jar:/home/ubuntu/.m2/repository/commons-io/commons-io/2.4/commons-io-2.4.jar:/home/ubuntu/.m2/repository/com/fasterxml/jackson/core/jackson-databind/2.9.1/jackson-databind-2.9.1.jar:/home/ubuntu/.m2/repository/com/fasterxml/jackson/core/jackson-annotations/2.9.0/jackson-annotations-2.9.0.jar:/home/ubuntu/.m2/repository/com/fasterxml/jackson/core/jackson-core/2.9.5/jackson-core-2.9.5.jar, user.name=ubuntu, com.sun.management.jmxremote=, java.vm.specification.version=1.8, sun.java.command=com.stackroute.keepnote.NoteServiceApplication --spring.output.ansi.enabled=always, java.home=/usr/lib/jvm/java-8-openjdk-amd64/jre, sun.arch.data.model=64, user.language=en, java.specification.vendor=Oracle Corporation, awt.toolkit=sun.awt.X11.XToolkit, com.sun.management.jmxremote.ssl=false, java.vm.info=mixed mode, java.version=1.8.0_191, java.ext.dirs=/usr/lib/jvm/java-8-openjdk-amd64/jre/lib/ext:/usr/java/packages/lib/ext, sun.boot.class.path=/usr/lib/jvm/java-8-openjdk-amd64/jre/lib/resources.jar:/usr/lib/jvm/java-8-openjdk-amd64/jre/lib/rt.jar:/usr/lib/jvm/java-8-openjdk-amd64/jre/lib/sunrsasign.jar:/usr/lib/jvm/java-8-openjdk-amd64/jre/lib/jsse.jar:/usr/lib/jvm/java-8-openjdk-amd64/jre/lib/jce.jar:/usr/lib/jvm/java-8-openjdk-amd64/jre/lib/charsets.jar:/usr/lib/jvm/java-8-openjdk-amd64/jre/lib/jfr.jar:/usr/lib/jvm/java-8-openjdk-amd64/jre/classes, java.awt.headless=true, java.vendor=Oracle Corporation, spring.application.admin.enabled=true, java.security.egd=file:/dev/./urandom, file.separator=/, java.vendor.url.bug=http://bugreport.sun.com/bugreport/, sun.io.unicode.encoding=UnicodeLittle, sun.cpu.endian=little, sun.cpu.isalist=}}, SystemEnvironmentPropertySource@879190251 {name='systemEnvironment', properties={PATH=/bin:/usr/bin:/usr/X11R6/bin:/usr/local/bin, OXYGEN_DISABLE_INNER_SHADOWS_HACK=1, DBUS_SESSION_BUS_ADDRESS=unix:abstract=/tmp/dbus-28kgLY3z5y,guid=fe4f7b25db23fc3cb2b749405ca6f42b, LANG=en_US.UTF-8, XDG_SESSION_ID=c2, XDG_CURRENT_DESKTOP=MATE, DISPLAY=:10.0, SSH_AGENT_PID=3509, INSIDE_CAJA_PYTHON=, SESSION_MANAGER=local/ip-172-31-84-251:@/tmp/.ICE-unix/3522,unix/ip-172-31-84-251:/tmp/.ICE-unix/3522, QT_LINUX_ACCESSIBILITY_ALWAYS_ON=1, PWD=/home/ubuntu, _=/usr/bin/mate-session, SHELL=/bin/bash, GIO_LAUNCHED_DESKTOP_FILE=/home/ubuntu/Desktop/STS.desktop, LIBOVERLAY_SCROLLBAR=0, GDK_CORE_DEVICE_EVENTS=1, USER=ubuntu, GIO_LAUNCHED_DESKTOP_FILE_PID=4484, QT_ACCESSIBILITY=1, UID=1000, SSH_AUTH_SOCK=/run/user/1000/keyring/ssh, GTK_MODULES=gail:atk-bridge, GDK_SCALE=1, GTK_OVERLAY_SCROLLING=0, MATE_DESKTOP_SESSION_ID=this-is-deprecated, XDG_RUNTIME_DIR=/run/user/1000, HOME=/home/ubuntu, SHLVL=1}}]
2019-04-05 06:26:44 [restartedMain] DEBUG o.s.c.a.ClassPathBeanDefinitionScanner -
				JSR-250 'javax.annotation.ManagedBean' found and supported for component scanning
2019-04-05 06:26:44 [restartedMain] DEBUG o.s.c.a.ClassPathBeanDefinitionScanner -
				JSR-330 'javax.inject.Named' annotation found and supported for component scanning
2019-04-05 06:26:44 [background-preinit] DEBUG o.h.v.m.ResourceBundleMessageInterpolator -
				Loaded expression factory via original TCCL
2019-04-05 06:26:44 [background-preinit] DEBUG o.h.v.i.engine.ValidatorFactoryImpl -
				HV000234: Using org.hibernate.validator.messageinterpolation.ResourceBundleMessageInterpolator as ValidatorFactory-scoped message interpolator.
2019-04-05 06:26:44 [background-preinit] DEBUG o.h.v.i.engine.ValidatorFactoryImpl -
				HV000234: Using org.hibernate.validator.internal.engine.resolver.TraverseAllTraversableResolver as ValidatorFactory-scoped traversable resolver.
2019-04-05 06:26:44 [background-preinit] DEBUG o.h.v.i.engine.ValidatorFactoryImpl -
				HV000234: Using org.hibernate.validator.internal.util.ExecutableParameterNameProvider as ValidatorFactory-scoped parameter name provider.
2019-04-05 06:26:44 [background-preinit] DEBUG o.h.v.i.engine.ValidatorFactoryImpl -
				HV000234: Using org.hibernate.validator.internal.engine.DefaultClockProvider as ValidatorFactory-scoped clock provider.
2019-04-05 06:26:44 [background-preinit] DEBUG o.h.v.i.engine.ValidatorFactoryImpl -
				HV000234: Using org.hibernate.validator.internal.engine.scripting.DefaultScriptEvaluatorFactory as ValidatorFactory-scoped script evaluator factory.
2019-04-05 06:26:44 [restartedMain] DEBUG o.s.c.e.PropertySourcesPropertyResolver -
				Could not find key 'context.initializer.classes' in any property source
2019-04-05 06:26:44 [restartedMain] DEBUG o.s.c.e.PropertySourcesPropertyResolver -
				Could not find key 'spring.application.name' in any property source
2019-04-05 06:26:44 [restartedMain] DEBUG o.s.b.f.s.DefaultListableBeanFactory -
				Registering scope 'restart' with implementation [org.springframework.boot.devtools.restart.RestartScopeInitializer$RestartScope@4b4d79ed]
2019-04-05 06:26:44 [restartedMain] DEBUG o.s.b.f.s.DefaultListableBeanFactory -
				Returning cached instance of singleton bean 'autoConfigurationReport'
2019-04-05 06:26:44 [restartedMain] DEBUG o.s.boot.SpringApplication -
				Loading source class org.springframework.cloud.bootstrap.config.PropertySourceBootstrapConfiguration,class org.springframework.cloud.bootstrap.encrypt.EncryptionBootstrapConfiguration,class org.springframework.cloud.autoconfigure.ConfigurationPropertiesRebinderAutoConfiguration,class org.springframework.boot.autoconfigure.context.PropertyPlaceholderAutoConfiguration,class org.springframework.cloud.config.client.ConfigServiceBootstrapConfiguration,class org.springframework.cloud.config.client.DiscoveryClientConfigServiceBootstrapConfiguration,class org.springframework.cloud.netflix.eureka.config.EurekaDiscoveryClientConfigServiceBootstrapConfiguration
2019-04-05 06:26:44 [restartedMain] DEBUG o.s.c.a.ClassPathBeanDefinitionScanner -
				JSR-250 'javax.annotation.ManagedBean' found and supported for component scanning
2019-04-05 06:26:44 [restartedMain] DEBUG o.s.c.a.ClassPathBeanDefinitionScanner -
				JSR-330 'javax.inject.Named' annotation found and supported for component scanning
2019-04-05 06:26:44 [restartedMain] DEBUG o.s.b.f.s.DefaultListableBeanFactory -
				Returning cached instance of singleton bean 'autoConfigurationReport'
2019-04-05 06:26:44 [restartedMain] DEBUG o.s.b.f.s.DefaultListableBeanFactory -
				Returning cached instance of singleton bean 'autoConfigurationReport'
2019-04-05 06:26:44 [restartedMain] DEBUG o.s.b.f.s.DefaultListableBeanFactory -
				Returning cached instance of singleton bean 'autoConfigurationReport'
2019-04-05 06:26:44 [restartedMain] DEBUG o.s.b.f.s.DefaultListableBeanFactory -
				Returning cached instance of singleton bean 'autoConfigurationReport'
2019-04-05 06:26:44 [restartedMain] INFO  o.s.c.a.AnnotationConfigApplicationContext -
				Refreshing org.springframework.context.annotation.AnnotationConfigApplicationContext@252bc6f4: startup date [Fri Apr 05 06:26:44 UTC 2019]; root of context hierarchy
2019-04-05 06:26:44 [restartedMain] DEBUG o.s.c.a.AnnotationConfigApplicationContext -
				Bean factory for org.springframework.context.annotation.AnnotationConfigApplicationContext@252bc6f4: org.springframework.beans.factory.support.DefaultListableBeanFactory@17da8cc8: defining beans [org.springframework.context.annotation.internalConfigurationAnnotationProcessor,org.springframework.context.annotation.internalAutowiredAnnotationProcessor,org.springframework.context.annotation.internalRequiredAnnotationProcessor,org.springframework.context.annotation.internalCommonAnnotationProcessor,org.springframework.context.event.internalEventListenerProcessor,org.springframework.context.event.internalEventListenerFactory,propertySourceBootstrapConfiguration,encryptionBootstrapConfiguration,configurationPropertiesRebinderAutoConfiguration,propertyPlaceholderAutoConfiguration,configServiceBootstrapConfiguration]; root of factory hierarchy
2019-04-05 06:26:44 [restartedMain] DEBUG o.s.b.f.s.DefaultListableBeanFactory -
				Creating shared instance of singleton bean 'org.springframework.context.annotation.internalConfigurationAnnotationProcessor'
2019-04-05 06:26:44 [restartedMain] DEBUG o.s.b.f.s.DefaultListableBeanFactory -
				Creating instance of bean 'org.springframework.context.annotation.internalConfigurationAnnotationProcessor'
2019-04-05 06:26:44 [restartedMain] DEBUG o.s.b.f.s.DefaultListableBeanFactory -
				Eagerly caching bean 'org.springframework.context.annotation.internalConfigurationAnnotationProcessor' to allow for resolving potential circular references
2019-04-05 06:26:44 [restartedMain] DEBUG o.s.b.f.s.DefaultListableBeanFactory -
				Creating shared instance of singleton bean 'org.springframework.boot.autoconfigure.internalCachingMetadataReaderFactory'
2019-04-05 06:26:44 [restartedMain] DEBUG o.s.b.f.s.DefaultListableBeanFactory -
				Creating instance of bean 'org.springframework.boot.autoconfigure.internalCachingMetadataReaderFactory'
2019-04-05 06:26:44 [restartedMain] DEBUG o.s.b.f.s.DefaultListableBeanFactory -
				Eagerly caching bean 'org.springframework.boot.autoconfigure.internalCachingMetadataReaderFactory' to allow for resolving potential circular references
2019-04-05 06:26:44 [restartedMain] DEBUG o.s.b.f.s.DefaultListableBeanFactory -
				Finished creating instance of bean 'org.springframework.boot.autoconfigure.internalCachingMetadataReaderFactory'
2019-04-05 06:26:44 [restartedMain] DEBUG o.s.b.f.s.DefaultListableBeanFactory -
				Finished creating instance of bean 'org.springframework.context.annotation.internalConfigurationAnnotationProcessor'
2019-04-05 06:26:44 [restartedMain] DEBUG o.s.b.f.s.DefaultListableBeanFactory -
				Returning cached instance of singleton bean 'autoConfigurationReport'
2019-04-05 06:26:44 [restartedMain] DEBUG o.s.b.f.s.DefaultListableBeanFactory -
				Returning cached instance of singleton bean 'autoConfigurationReport'
2019-04-05 06:26:44 [restartedMain] DEBUG o.s.b.f.s.DefaultListableBeanFactory -
				Returning cached instance of singleton bean 'autoConfigurationReport'
2019-04-05 06:26:44 [restartedMain] DEBUG o.s.c.e.PropertySourcesPropertyResolver -
				Could not find key 'encrypt.key-store.location' in any property source
2019-04-05 06:26:44 [restartedMain] DEBUG o.s.c.e.PropertySourcesPropertyResolver -
				Could not find key 'encrypt.key' in any property source
2019-04-05 06:26:44 [restartedMain] DEBUG o.s.b.f.s.DefaultListableBeanFactory -
				Returning cached instance of singleton bean 'autoConfigurationReport'
2019-04-05 06:26:44 [restartedMain] DEBUG o.s.b.f.s.DefaultListableBeanFactory -
				Returning cached instance of singleton bean 'autoConfigurationReport'
2019-04-05 06:26:44 [restartedMain] DEBUG o.s.b.f.s.DefaultListableBeanFactory -
				Returning cached instance of singleton bean 'autoConfigurationReport'
2019-04-05 06:26:44 [restartedMain] DEBUG o.s.c.a.ConfigurationClassBeanDefinitionReader -
				Registering bean definition for @Bean method org.springframework.cloud.bootstrap.encrypt.EncryptionBootstrapConfiguration.environmentDecryptApplicationListener()
2019-04-05 06:26:45 [restartedMain] DEBUG o.s.b.f.s.DefaultListableBeanFactory -
				Creating shared instance of singleton bean 'org.springframework.boot.autoconfigure.condition.BeanTypeRegistry'
2019-04-05 06:26:45 [restartedMain] DEBUG o.s.b.f.s.DefaultListableBeanFactory -
				Creating instance of bean 'org.springframework.boot.autoconfigure.condition.BeanTypeRegistry'
2019-04-05 06:26:45 [restartedMain] DEBUG o.s.b.f.s.DefaultListableBeanFactory -
				Eagerly caching bean 'org.springframework.boot.autoconfigure.condition.BeanTypeRegistry' to allow for resolving potential circular references
2019-04-05 06:26:45 [restartedMain] DEBUG o.s.b.f.s.DefaultListableBeanFactory -
				Finished creating instance of bean 'org.springframework.boot.autoconfigure.condition.BeanTypeRegistry'
2019-04-05 06:26:45 [restartedMain] DEBUG o.s.b.f.s.DefaultListableBeanFactory -
				Returning cached instance of singleton bean 'autoConfigurationReport'
2019-04-05 06:26:45 [restartedMain] DEBUG o.s.b.f.s.DefaultListableBeanFactory -
				Returning cached instance of singleton bean 'org.springframework.boot.autoconfigure.condition.BeanTypeRegistry'
2019-04-05 06:26:45 [restartedMain] DEBUG o.s.b.f.s.DefaultListableBeanFactory -
				Returning cached instance of singleton bean 'autoConfigurationReport'
2019-04-05 06:26:45 [restartedMain] DEBUG o.s.c.a.ConfigurationClassBeanDefinitionReader -
				Registering bean definition for @Bean method org.springframework.cloud.autoconfigure.ConfigurationPropertiesRebinderAutoConfiguration.configurationPropertiesBeans()
2019-04-05 06:26:45 [restartedMain] DEBUG o.s.b.f.s.DefaultListableBeanFactory -
				Returning cached instance of singleton bean 'org.springframework.boot.autoconfigure.condition.BeanTypeRegistry'
2019-04-05 06:26:45 [restartedMain] DEBUG o.s.b.f.s.DefaultListableBeanFactory -
				Returning cached instance of singleton bean 'autoConfigurationReport'
2019-04-05 06:26:45 [restartedMain] DEBUG o.s.c.a.ConfigurationClassBeanDefinitionReader -
				Registering bean definition for @Bean method org.springframework.cloud.autoconfigure.ConfigurationPropertiesRebinderAutoConfiguration.configurationPropertiesRebinder()
2019-04-05 06:26:45 [restartedMain] DEBUG o.s.b.f.s.DefaultListableBeanFactory -
				Returning cached instance of singleton bean 'org.springframework.boot.autoconfigure.condition.BeanTypeRegistry'
2019-04-05 06:26:45 [restartedMain] DEBUG o.s.b.f.s.DefaultListableBeanFactory -
				Returning cached instance of singleton bean 'autoConfigurationReport'
2019-04-05 06:26:45 [restartedMain] DEBUG o.s.c.a.ConfigurationClassBeanDefinitionReader -
				Registering bean definition for @Bean method org.springframework.boot.autoconfigure.context.PropertyPlaceholderAutoConfiguration.propertySourcesPlaceholderConfigurer()
2019-04-05 06:26:45 [restartedMain] DEBUG o.s.c.a.ConfigurationClassBeanDefinitionReader -
				Registering bean definition for @Bean method org.springframework.cloud.config.client.ConfigServiceBootstrapConfiguration.configClientProperties()
2019-04-05 06:26:45 [restartedMain] DEBUG o.s.b.f.s.DefaultListableBeanFactory -
				Returning cached instance of singleton bean 'autoConfigurationReport'
2019-04-05 06:26:45 [restartedMain] DEBUG o.s.b.f.s.DefaultListableBeanFactory -
				Returning cached instance of singleton bean 'org.springframework.boot.autoconfigure.condition.BeanTypeRegistry'
2019-04-05 06:26:45 [restartedMain] DEBUG o.s.b.f.s.DefaultListableBeanFactory -
				Returning cached instance of singleton bean 'autoConfigurationReport'
2019-04-05 06:26:45 [restartedMain] DEBUG o.s.c.a.ConfigurationClassBeanDefinitionReader -
				Registering bean definition for @Bean method org.springframework.cloud.config.client.ConfigServiceBootstrapConfiguration.configServicePropertySource()
2019-04-05 06:26:45 [restartedMain] DEBUG o.s.c.a.ConfigurationClassEnhancer -
				Successfully enhanced org.springframework.cloud.bootstrap.config.PropertySourceBootstrapConfiguration; enhanced class name is: org.springframework.cloud.bootstrap.config.PropertySourceBootstrapConfiguration$$EnhancerBySpringCGLIB$$40b248fd
2019-04-05 06:26:45 [restartedMain] DEBUG o.s.c.a.ConfigurationClassPostProcessor -
				Replacing bean definition 'propertySourceBootstrapConfiguration' existing class 'org.springframework.cloud.bootstrap.config.PropertySourceBootstrapConfiguration' with enhanced class 'org.springframework.cloud.bootstrap.config.PropertySourceBootstrapConfiguration$$EnhancerBySpringCGLIB$$40b248fd'
2019-04-05 06:26:45 [restartedMain] DEBUG o.s.c.a.ConfigurationClassEnhancer -
				Successfully enhanced org.springframework.cloud.bootstrap.encrypt.EncryptionBootstrapConfiguration; enhanced class name is: org.springframework.cloud.bootstrap.encrypt.EncryptionBootstrapConfiguration$$EnhancerBySpringCGLIB$$9d6e8bed
2019-04-05 06:26:45 [restartedMain] DEBUG o.s.c.a.ConfigurationClassPostProcessor -
				Replacing bean definition 'encryptionBootstrapConfiguration' existing class 'org.springframework.cloud.bootstrap.encrypt.EncryptionBootstrapConfiguration' with enhanced class 'org.springframework.cloud.bootstrap.encrypt.EncryptionBootstrapConfiguration$$EnhancerBySpringCGLIB$$9d6e8bed'
2019-04-05 06:26:45 [restartedMain] DEBUG o.s.c.a.ConfigurationClassEnhancer -
				Successfully enhanced org.springframework.cloud.autoconfigure.ConfigurationPropertiesRebinderAutoConfiguration; enhanced class name is: org.springframework.cloud.autoconfigure.ConfigurationPropertiesRebinderAutoConfiguration$$EnhancerBySpringCGLIB$$ad1f2d91
2019-04-05 06:26:45 [restartedMain] DEBUG o.s.c.a.ConfigurationClassPostProcessor -
				Replacing bean definition 'configurationPropertiesRebinderAutoConfiguration' existing class 'org.springframework.cloud.autoconfigure.ConfigurationPropertiesRebinderAutoConfiguration' with enhanced class 'org.springframework.cloud.autoconfigure.ConfigurationPropertiesRebinderAutoConfiguration$$EnhancerBySpringCGLIB$$ad1f2d91'
2019-04-05 06:26:45 [restartedMain] DEBUG o.s.c.a.ConfigurationClassEnhancer -
				Successfully enhanced org.springframework.boot.autoconfigure.context.PropertyPlaceholderAutoConfiguration; enhanced class name is: org.springframework.boot.autoconfigure.context.PropertyPlaceholderAutoConfiguration$$EnhancerBySpringCGLIB$$91bb9ccd
2019-04-05 06:26:45 [restartedMain] DEBUG o.s.c.a.ConfigurationClassPostProcessor -
				Replacing bean definition 'propertyPlaceholderAutoConfiguration' existing class 'org.springframework.boot.autoconfigure.context.PropertyPlaceholderAutoConfiguration' with enhanced class 'org.springframework.boot.autoconfigure.context.PropertyPlaceholderAutoConfiguration$$EnhancerBySpringCGLIB$$91bb9ccd'
2019-04-05 06:26:45 [restartedMain] DEBUG o.s.c.a.ConfigurationClassEnhancer -
				Successfully enhanced org.springframework.cloud.config.client.ConfigServiceBootstrapConfiguration; enhanced class name is: org.springframework.cloud.config.client.ConfigServiceBootstrapConfiguration$$EnhancerBySpringCGLIB$$a2a8c51d
2019-04-05 06:26:45 [restartedMain] DEBUG o.s.c.a.ConfigurationClassPostProcessor -
				Replacing bean definition 'configServiceBootstrapConfiguration' existing class 'org.springframework.cloud.config.client.ConfigServiceBootstrapConfiguration' with enhanced class 'org.springframework.cloud.config.client.ConfigServiceBootstrapConfiguration$$EnhancerBySpringCGLIB$$a2a8c51d'
2019-04-05 06:26:45 [restartedMain] DEBUG o.s.core.env.StandardEnvironment -
				Removing PropertySource 'defaultProperties'
2019-04-05 06:26:45 [restartedMain] DEBUG o.s.b.f.s.DefaultListableBeanFactory -
				Creating shared instance of singleton bean 'propertySourcesPlaceholderConfigurer'
2019-04-05 06:26:45 [restartedMain] DEBUG o.s.b.f.s.DefaultListableBeanFactory -
				Creating instance of bean 'propertySourcesPlaceholderConfigurer'
2019-04-05 06:26:45 [restartedMain] DEBUG o.s.b.f.s.DefaultListableBeanFactory -
				Eagerly caching bean 'propertySourcesPlaceholderConfigurer' to allow for resolving potential circular references
2019-04-05 06:26:45 [restartedMain] DEBUG o.s.b.f.s.DefaultListableBeanFactory -
				Finished creating instance of bean 'propertySourcesPlaceholderConfigurer'
2019-04-05 06:26:45 [restartedMain] DEBUG o.s.core.env.MutablePropertySources -
				Adding PropertySource 'environmentProperties' with lowest search precedence
2019-04-05 06:26:45 [restartedMain] DEBUG o.s.core.env.MutablePropertySources -
				Adding PropertySource 'localProperties' with lowest search precedence
2019-04-05 06:26:45 [restartedMain] DEBUG o.s.b.f.s.DefaultListableBeanFactory -
				Creating shared instance of singleton bean 'org.springframework.boot.context.properties.ConfigurationBeanFactoryMetadata'
2019-04-05 06:26:45 [restartedMain] DEBUG o.s.b.f.s.DefaultListableBeanFactory -
				Creating instance of bean 'org.springframework.boot.context.properties.ConfigurationBeanFactoryMetadata'
2019-04-05 06:26:45 [restartedMain] DEBUG o.s.b.f.s.DefaultListableBeanFactory -
				Eagerly caching bean 'org.springframework.boot.context.properties.ConfigurationBeanFactoryMetadata' to allow for resolving potential circular references
2019-04-05 06:26:45 [restartedMain] DEBUG o.s.b.f.s.DefaultListableBeanFactory -
				Finished creating instance of bean 'org.springframework.boot.context.properties.ConfigurationBeanFactoryMetadata'
2019-04-05 06:26:45 [restartedMain] DEBUG o.s.b.f.s.DefaultListableBeanFactory -
				Creating shared instance of singleton bean 'org.springframework.context.annotation.internalAutowiredAnnotationProcessor'
2019-04-05 06:26:45 [restartedMain] DEBUG o.s.b.f.s.DefaultListableBeanFactory -
				Creating instance of bean 'org.springframework.context.annotation.internalAutowiredAnnotationProcessor'
2019-04-05 06:26:45 [restartedMain] INFO  o.s.b.f.a.AutowiredAnnotationBeanPostProcessor -
				JSR-330 'javax.inject.Inject' annotation found and supported for autowiring
2019-04-05 06:26:45 [restartedMain] DEBUG o.s.b.f.s.DefaultListableBeanFactory -
				Eagerly caching bean 'org.springframework.context.annotation.internalAutowiredAnnotationProcessor' to allow for resolving potential circular references
2019-04-05 06:26:45 [restartedMain] DEBUG o.s.b.f.s.DefaultListableBeanFactory -
				Finished creating instance of bean 'org.springframework.context.annotation.internalAutowiredAnnotationProcessor'
2019-04-05 06:26:45 [restartedMain] DEBUG o.s.b.f.s.DefaultListableBeanFactory -
				Creating shared instance of singleton bean 'org.springframework.context.annotation.internalRequiredAnnotationProcessor'
2019-04-05 06:26:45 [restartedMain] DEBUG o.s.b.f.s.DefaultListableBeanFactory -
				Creating instance of bean 'org.springframework.context.annotation.internalRequiredAnnotationProcessor'
2019-04-05 06:26:45 [restartedMain] DEBUG o.s.b.f.s.DefaultListableBeanFactory -
				Eagerly caching bean 'org.springframework.context.annotation.internalRequiredAnnotationProcessor' to allow for resolving potential circular references
2019-04-05 06:26:45 [restartedMain] DEBUG o.s.b.f.s.DefaultListableBeanFactory -
				Finished creating instance of bean 'org.springframework.context.annotation.internalRequiredAnnotationProcessor'
2019-04-05 06:26:45 [restartedMain] DEBUG o.s.b.f.s.DefaultListableBeanFactory -
				Creating shared instance of singleton bean 'org.springframework.context.annotation.internalCommonAnnotationProcessor'
2019-04-05 06:26:45 [restartedMain] DEBUG o.s.b.f.s.DefaultListableBeanFactory -
				Creating instance of bean 'org.springframework.context.annotation.internalCommonAnnotationProcessor'
2019-04-05 06:26:45 [restartedMain] DEBUG o.s.b.f.s.DefaultListableBeanFactory -
				Eagerly caching bean 'org.springframework.context.annotation.internalCommonAnnotationProcessor' to allow for resolving potential circular references
2019-04-05 06:26:45 [restartedMain] DEBUG o.s.b.f.s.DefaultListableBeanFactory -
				Finished creating instance of bean 'org.springframework.context.annotation.internalCommonAnnotationProcessor'
2019-04-05 06:26:45 [restartedMain] DEBUG o.s.b.f.s.DefaultListableBeanFactory -
				Creating shared instance of singleton bean 'org.springframework.boot.context.properties.ConfigurationPropertiesBindingPostProcessor'
2019-04-05 06:26:45 [restartedMain] DEBUG o.s.b.f.s.DefaultListableBeanFactory -
				Creating instance of bean 'org.springframework.boot.context.properties.ConfigurationPropertiesBindingPostProcessor'
2019-04-05 06:26:45 [restartedMain] DEBUG o.s.b.f.s.DefaultListableBeanFactory -
				Eagerly caching bean 'org.springframework.boot.context.properties.ConfigurationPropertiesBindingPostProcessor' to allow for resolving potential circular references
2019-04-05 06:26:45 [restartedMain] DEBUG o.s.b.f.s.DefaultListableBeanFactory -
				Invoking afterPropertiesSet() on bean with name 'org.springframework.boot.context.properties.ConfigurationPropertiesBindingPostProcessor'
2019-04-05 06:26:45 [restartedMain] DEBUG o.s.b.f.s.DefaultListableBeanFactory -
				Returning cached instance of singleton bean 'org.springframework.boot.context.properties.ConfigurationBeanFactoryMetadata'
2019-04-05 06:26:45 [restartedMain] DEBUG o.s.b.f.s.DefaultListableBeanFactory -
				Returning cached instance of singleton bean 'propertySourcesPlaceholderConfigurer'
2019-04-05 06:26:45 [restartedMain] DEBUG o.s.b.f.s.DefaultListableBeanFactory -
				Finished creating instance of bean 'org.springframework.boot.context.properties.ConfigurationPropertiesBindingPostProcessor'
2019-04-05 06:26:45 [restartedMain] DEBUG o.s.b.f.s.DefaultListableBeanFactory -
				Creating shared instance of singleton bean 'configurationPropertiesBeans'
2019-04-05 06:26:45 [restartedMain] DEBUG o.s.b.f.s.DefaultListableBeanFactory -
				Creating instance of bean 'configurationPropertiesBeans'
2019-04-05 06:26:45 [restartedMain] DEBUG o.s.b.f.s.DefaultListableBeanFactory -
				Creating shared instance of singleton bean 'configurationPropertiesRebinderAutoConfiguration'
2019-04-05 06:26:45 [restartedMain] DEBUG o.s.b.f.s.DefaultListableBeanFactory -
				Creating instance of bean 'configurationPropertiesRebinderAutoConfiguration'
2019-04-05 06:26:45 [restartedMain] DEBUG o.s.b.f.s.DefaultListableBeanFactory -
				Eagerly caching bean 'configurationPropertiesRebinderAutoConfiguration' to allow for resolving potential circular references
2019-04-05 06:26:45 [restartedMain] INFO  o.s.c.s.PostProcessorRegistrationDelegate$BeanPostProcessorChecker -
				Bean 'configurationPropertiesRebinderAutoConfiguration' of type [org.springframework.cloud.autoconfigure.ConfigurationPropertiesRebinderAutoConfiguration$$EnhancerBySpringCGLIB$$ad1f2d91] is not eligible for getting processed by all BeanPostProcessors (for example: not eligible for auto-proxying)
2019-04-05 06:26:45 [restartedMain] DEBUG o.s.b.f.s.DefaultListableBeanFactory -
				Finished creating instance of bean 'configurationPropertiesRebinderAutoConfiguration'
2019-04-05 06:26:45 [restartedMain] DEBUG o.s.b.f.s.DefaultListableBeanFactory -
				Returning cached instance of singleton bean 'org.springframework.boot.context.properties.ConfigurationBeanFactoryMetadata'
2019-04-05 06:26:45 [restartedMain] DEBUG o.s.b.f.s.DefaultListableBeanFactory -
				Eagerly caching bean 'configurationPropertiesBeans' to allow for resolving potential circular references
2019-04-05 06:26:45 [restartedMain] DEBUG o.s.b.f.s.DefaultListableBeanFactory -
				Finished creating instance of bean 'configurationPropertiesBeans'
2019-04-05 06:26:45 [restartedMain] DEBUG o.s.c.a.AnnotationConfigApplicationContext -
				Unable to locate MessageSource with name 'messageSource': using default [org.springframework.context.support.DelegatingMessageSource@62286bc3]
2019-04-05 06:26:45 [restartedMain] DEBUG o.s.c.a.AnnotationConfigApplicationContext -
				Unable to locate ApplicationEventMulticaster with name 'applicationEventMulticaster': using default [org.springframework.context.event.SimpleApplicationEventMulticaster@4c61e6c6]
2019-04-05 06:26:45 [restartedMain] DEBUG o.s.b.f.s.DefaultListableBeanFactory -
				Pre-instantiating singletons in org.springframework.beans.factory.support.DefaultListableBeanFactory@17da8cc8: defining beans [org.springframework.context.annotation.internalConfigurationAnnotationProcessor,org.springframework.context.annotation.internalAutowiredAnnotationProcessor,org.springframework.context.annotation.internalRequiredAnnotationProcessor,org.springframework.context.annotation.internalCommonAnnotationProcessor,org.springframework.context.event.internalEventListenerProcessor,org.springframework.context.event.internalEventListenerFactory,propertySourceBootstrapConfiguration,encryptionBootstrapConfiguration,configurationPropertiesRebinderAutoConfiguration,propertyPlaceholderAutoConfiguration,configServiceBootstrapConfiguration,org.springframework.boot.autoconfigure.internalCachingMetadataReaderFactory,spring.cloud.config-org.springframework.cloud.bootstrap.config.PropertySourceBootstrapProperties,org.springframework.boot.context.properties.ConfigurationPropertiesBindingPostProcessor,org.springframework.boot.context.properties.ConfigurationBeanFactoryMetadata,environmentDecryptApplicationListener,encrypt-org.springframework.cloud.bootstrap.encrypt.KeyProperties,org.springframework.boot.autoconfigure.condition.BeanTypeRegistry,configurationPropertiesBeans,configurationPropertiesRebinder,propertySourcesPlaceholderConfigurer,configClientProperties,configServicePropertySource]; root of factory hierarchy
2019-04-05 06:26:45 [restartedMain] DEBUG o.s.b.f.s.DefaultListableBeanFactory -
				Returning cached instance of singleton bean 'org.springframework.context.annotation.internalConfigurationAnnotationProcessor'
2019-04-05 06:26:45 [restartedMain] DEBUG o.s.b.f.s.DefaultListableBeanFactory -
				Returning cached instance of singleton bean 'org.springframework.context.annotation.internalAutowiredAnnotationProcessor'
2019-04-05 06:26:45 [restartedMain] DEBUG o.s.b.f.s.DefaultListableBeanFactory -
				Returning cached instance of singleton bean 'org.springframework.context.annotation.internalRequiredAnnotationProcessor'
2019-04-05 06:26:45 [restartedMain] DEBUG o.s.b.f.s.DefaultListableBeanFactory -
				Returning cached instance of singleton bean 'org.springframework.context.annotation.internalCommonAnnotationProcessor'
2019-04-05 06:26:45 [restartedMain] DEBUG o.s.b.f.s.DefaultListableBeanFactory -
				Creating shared instance of singleton bean 'org.springframework.context.event.internalEventListenerProcessor'
2019-04-05 06:26:45 [restartedMain] DEBUG o.s.b.f.s.DefaultListableBeanFactory -
				Creating instance of bean 'org.springframework.context.event.internalEventListenerProcessor'
2019-04-05 06:26:45 [restartedMain] DEBUG o.s.b.f.s.DefaultListableBeanFactory -
				Eagerly caching bean 'org.springframework.context.event.internalEventListenerProcessor' to allow for resolving potential circular references
2019-04-05 06:26:45 [restartedMain] DEBUG o.s.b.f.s.DefaultListableBeanFactory -
				Finished creating instance of bean 'org.springframework.context.event.internalEventListenerProcessor'
2019-04-05 06:26:45 [restartedMain] DEBUG o.s.b.f.s.DefaultListableBeanFactory -
				Creating shared instance of singleton bean 'org.springframework.context.event.internalEventListenerFactory'
2019-04-05 06:26:45 [restartedMain] DEBUG o.s.b.f.s.DefaultListableBeanFactory -
				Creating instance of bean 'org.springframework.context.event.internalEventListenerFactory'
2019-04-05 06:26:45 [restartedMain] DEBUG o.s.b.f.s.DefaultListableBeanFactory -
				Eagerly caching bean 'org.springframework.context.event.internalEventListenerFactory' to allow for resolving potential circular references
2019-04-05 06:26:45 [restartedMain] DEBUG o.s.b.f.s.DefaultListableBeanFactory -
				Finished creating instance of bean 'org.springframework.context.event.internalEventListenerFactory'
2019-04-05 06:26:45 [restartedMain] DEBUG o.s.b.f.s.DefaultListableBeanFactory -
				Creating shared instance of singleton bean 'propertySourceBootstrapConfiguration'
2019-04-05 06:26:45 [restartedMain] DEBUG o.s.b.f.s.DefaultListableBeanFactory -
				Creating instance of bean 'propertySourceBootstrapConfiguration'
2019-04-05 06:26:45 [restartedMain] DEBUG o.s.b.f.annotation.InjectionMetadata -
				Registered injected element on class [org.springframework.cloud.bootstrap.config.PropertySourceBootstrapConfiguration$$EnhancerBySpringCGLIB$$40b248fd]: AutowiredFieldElement for private java.util.List org.springframework.cloud.bootstrap.config.PropertySourceBootstrapConfiguration.propertySourceLocators
2019-04-05 06:26:45 [restartedMain] DEBUG o.s.b.f.s.DefaultListableBeanFactory -
				Eagerly caching bean 'propertySourceBootstrapConfiguration' to allow for resolving potential circular references
2019-04-05 06:26:45 [restartedMain] DEBUG o.s.b.f.annotation.InjectionMetadata -
				Processing injected element of bean 'propertySourceBootstrapConfiguration': AutowiredFieldElement for private java.util.List org.springframework.cloud.bootstrap.config.PropertySourceBootstrapConfiguration.propertySourceLocators
2019-04-05 06:26:45 [restartedMain] DEBUG o.s.b.f.s.DefaultListableBeanFactory -
				Creating shared instance of singleton bean 'configServicePropertySource'
2019-04-05 06:26:45 [restartedMain] DEBUG o.s.b.f.s.DefaultListableBeanFactory -
				Creating instance of bean 'configServicePropertySource'
2019-04-05 06:26:45 [restartedMain] DEBUG o.s.b.f.s.DefaultListableBeanFactory -
				Creating shared instance of singleton bean 'configServiceBootstrapConfiguration'
2019-04-05 06:26:45 [restartedMain] DEBUG o.s.b.f.s.DefaultListableBeanFactory -
				Creating instance of bean 'configServiceBootstrapConfiguration'
2019-04-05 06:26:45 [restartedMain] DEBUG o.s.b.f.annotation.InjectionMetadata -
				Registered injected element on class [org.springframework.cloud.config.client.ConfigServiceBootstrapConfiguration$$EnhancerBySpringCGLIB$$a2a8c51d]: AutowiredFieldElement for private org.springframework.core.env.ConfigurableEnvironment org.springframework.cloud.config.client.ConfigServiceBootstrapConfiguration.environment
2019-04-05 06:26:45 [restartedMain] DEBUG o.s.b.f.s.DefaultListableBeanFactory -
				Eagerly caching bean 'configServiceBootstrapConfiguration' to allow for resolving potential circular references
2019-04-05 06:26:45 [restartedMain] DEBUG o.s.b.f.annotation.InjectionMetadata -
				Processing injected element of bean 'configServiceBootstrapConfiguration': AutowiredFieldElement for private org.springframework.core.env.ConfigurableEnvironment org.springframework.cloud.config.client.ConfigServiceBootstrapConfiguration.environment
2019-04-05 06:26:45 [restartedMain] DEBUG o.s.b.f.s.DefaultListableBeanFactory -
				Returning cached instance of singleton bean 'environment'
2019-04-05 06:26:45 [restartedMain] DEBUG o.s.b.f.a.AutowiredAnnotationBeanPostProcessor -
				Autowiring by type from bean name 'configServiceBootstrapConfiguration' to bean named 'environment'
2019-04-05 06:26:45 [restartedMain] DEBUG o.s.b.f.s.DefaultListableBeanFactory -
				Finished creating instance of bean 'configServiceBootstrapConfiguration'
2019-04-05 06:26:45 [restartedMain] DEBUG o.s.b.f.s.DefaultListableBeanFactory -
				Creating shared instance of singleton bean 'configClientProperties'
2019-04-05 06:26:45 [restartedMain] DEBUG o.s.b.f.s.DefaultListableBeanFactory -
				Creating instance of bean 'configClientProperties'
2019-04-05 06:26:45 [restartedMain] DEBUG o.s.b.f.s.DefaultListableBeanFactory -
				Returning cached instance of singleton bean 'configServiceBootstrapConfiguration'
2019-04-05 06:26:45 [restartedMain] DEBUG o.s.c.e.PropertySourcesPropertyResolver -
				Could not find key 'spring.profiles.active' in any property source
2019-04-05 06:26:45 [restartedMain] DEBUG o.s.c.e.PropertySourcesPropertyResolver -
				Could not find key 'spring.profiles.default' in any property source
2019-04-05 06:26:45 [restartedMain] DEBUG o.s.b.f.annotation.InjectionMetadata -
				Registered injected element on class [org.springframework.cloud.config.client.ConfigClientProperties]: AutowiredFieldElement for private java.lang.String org.springframework.cloud.config.client.ConfigClientProperties.name
2019-04-05 06:26:45 [restartedMain] DEBUG o.s.b.f.s.DefaultListableBeanFactory -
				Eagerly caching bean 'configClientProperties' to allow for resolving potential circular references
2019-04-05 06:26:45 [restartedMain] DEBUG o.s.b.f.annotation.InjectionMetadata -
				Processing injected element of bean 'configClientProperties': AutowiredFieldElement for private java.lang.String org.springframework.cloud.config.client.ConfigClientProperties.name
2019-04-05 06:26:45 [restartedMain] DEBUG o.s.c.e.PropertySourcesPropertyResolver -
				Could not find key 'spring.application.name:application' in any property source
2019-04-05 06:26:45 [restartedMain] DEBUG o.s.c.e.PropertySourcesPropertyResolver -
				Could not find key 'spring.application.name:application' in any property source
2019-04-05 06:26:45 [restartedMain] DEBUG o.s.c.e.PropertySourcesPropertyResolver -
				Could not find key 'spring.application.name' in any property source
2019-04-05 06:26:45 [restartedMain] DEBUG o.s.c.e.PropertySourcesPropertyResolver -
				Could not find key 'spring.application.name' in any property source
2019-04-05 06:26:45 [restartedMain] DEBUG o.s.b.f.s.DefaultListableBeanFactory -
				Creating instance of bean 'org.springframework.boot.context.properties.ConversionServiceDeducer$Factory'
2019-04-05 06:26:45 [restartedMain] DEBUG o.s.b.f.annotation.InjectionMetadata -
				Registered injected element on class [org.springframework.boot.context.properties.ConversionServiceDeducer$Factory]: AutowiredMethodElement for public void org.springframework.boot.context.properties.ConversionServiceDeducer$Factory.setGenericConverters(java.util.List)
2019-04-05 06:26:45 [restartedMain] DEBUG o.s.b.f.annotation.InjectionMetadata -
				Registered injected element on class [org.springframework.boot.context.properties.ConversionServiceDeducer$Factory]: AutowiredMethodElement for public void org.springframework.boot.context.properties.ConversionServiceDeducer$Factory.setConverters(java.util.List)
2019-04-05 06:26:45 [restartedMain] DEBUG o.s.b.f.annotation.InjectionMetadata -
				Processing injected element of bean 'org.springframework.boot.context.properties.ConversionServiceDeducer$Factory': AutowiredMethodElement for public void org.springframework.boot.context.properties.ConversionServiceDeducer$Factory.setGenericConverters(java.util.List)
2019-04-05 06:26:45 [restartedMain] DEBUG o.s.b.f.annotation.InjectionMetadata -
				Processing injected element of bean 'org.springframework.boot.context.properties.ConversionServiceDeducer$Factory': AutowiredMethodElement for public void org.springframework.boot.context.properties.ConversionServiceDeducer$Factory.setConverters(java.util.List)
2019-04-05 06:26:45 [restartedMain] DEBUG o.s.b.f.s.DefaultListableBeanFactory -
				Finished creating instance of bean 'org.springframework.boot.context.properties.ConversionServiceDeducer$Factory'
2019-04-05 06:26:45 [restartedMain] DEBUG o.s.b.f.s.DefaultListableBeanFactory -
				Finished creating instance of bean 'configClientProperties'
2019-04-05 06:26:45 [restartedMain] DEBUG o.s.b.f.s.DefaultListableBeanFactory -
				Autowiring by type from bean name 'configServicePropertySource' via factory method to bean named 'configClientProperties'
2019-04-05 06:26:45 [restartedMain] DEBUG o.s.b.f.s.DefaultListableBeanFactory -
				Eagerly caching bean 'configServicePropertySource' to allow for resolving potential circular references
2019-04-05 06:26:45 [restartedMain] DEBUG o.s.b.f.s.DefaultListableBeanFactory -
				Finished creating instance of bean 'configServicePropertySource'
2019-04-05 06:26:45 [restartedMain] DEBUG o.s.b.f.a.AutowiredAnnotationBeanPostProcessor -
				Autowiring by type from bean name 'propertySourceBootstrapConfiguration' to bean named 'configServicePropertySource'
2019-04-05 06:26:45 [restartedMain] DEBUG o.s.b.f.s.DefaultListableBeanFactory -
				Finished creating instance of bean 'propertySourceBootstrapConfiguration'
2019-04-05 06:26:45 [restartedMain] DEBUG o.s.b.f.s.DefaultListableBeanFactory -
				Creating shared instance of singleton bean 'encryptionBootstrapConfiguration'
2019-04-05 06:26:45 [restartedMain] DEBUG o.s.b.f.s.DefaultListableBeanFactory -
				Creating instance of bean 'encryptionBootstrapConfiguration'
2019-04-05 06:26:45 [restartedMain] DEBUG o.s.b.f.annotation.InjectionMetadata -
				Registered injected element on class [org.springframework.cloud.bootstrap.encrypt.EncryptionBootstrapConfiguration$$EnhancerBySpringCGLIB$$9d6e8bed]: AutowiredFieldElement for private org.springframework.security.crypto.encrypt.TextEncryptor org.springframework.cloud.bootstrap.encrypt.EncryptionBootstrapConfiguration.encryptor
2019-04-05 06:26:45 [restartedMain] DEBUG o.s.b.f.annotation.InjectionMetadata -
				Registered injected element on class [org.springframework.cloud.bootstrap.encrypt.EncryptionBootstrapConfiguration$$EnhancerBySpringCGLIB$$9d6e8bed]: AutowiredFieldElement for private org.springframework.cloud.bootstrap.encrypt.KeyProperties org.springframework.cloud.bootstrap.encrypt.EncryptionBootstrapConfiguration.key
2019-04-05 06:26:45 [restartedMain] DEBUG o.s.b.f.s.DefaultListableBeanFactory -
				Eagerly caching bean 'encryptionBootstrapConfiguration' to allow for resolving potential circular references
2019-04-05 06:26:45 [restartedMain] DEBUG o.s.b.f.annotation.InjectionMetadata -
				Processing injected element of bean 'encryptionBootstrapConfiguration': AutowiredFieldElement for private org.springframework.security.crypto.encrypt.TextEncryptor org.springframework.cloud.bootstrap.encrypt.EncryptionBootstrapConfiguration.encryptor
2019-04-05 06:26:45 [restartedMain] DEBUG o.s.b.f.annotation.InjectionMetadata -
				Processing injected element of bean 'encryptionBootstrapConfiguration': AutowiredFieldElement for private org.springframework.cloud.bootstrap.encrypt.KeyProperties org.springframework.cloud.bootstrap.encrypt.EncryptionBootstrapConfiguration.key
2019-04-05 06:26:45 [restartedMain] DEBUG o.s.b.f.s.DefaultListableBeanFactory -
				Creating shared instance of singleton bean 'encrypt-org.springframework.cloud.bootstrap.encrypt.KeyProperties'
2019-04-05 06:26:45 [restartedMain] DEBUG o.s.b.f.s.DefaultListableBeanFactory -
				Creating instance of bean 'encrypt-org.springframework.cloud.bootstrap.encrypt.KeyProperties'
2019-04-05 06:26:45 [restartedMain] DEBUG o.s.b.f.s.DefaultListableBeanFactory -
				Eagerly caching bean 'encrypt-org.springframework.cloud.bootstrap.encrypt.KeyProperties' to allow for resolving potential circular references
2019-04-05 06:26:45 [restartedMain] DEBUG o.s.b.f.s.DefaultListableBeanFactory -
				Finished creating instance of bean 'encrypt-org.springframework.cloud.bootstrap.encrypt.KeyProperties'
2019-04-05 06:26:45 [restartedMain] DEBUG o.s.b.f.a.AutowiredAnnotationBeanPostProcessor -
				Autowiring by type from bean name 'encryptionBootstrapConfiguration' to bean named 'encrypt-org.springframework.cloud.bootstrap.encrypt.KeyProperties'
2019-04-05 06:26:45 [restartedMain] DEBUG o.s.b.f.s.DefaultListableBeanFactory -
				Finished creating instance of bean 'encryptionBootstrapConfiguration'
2019-04-05 06:26:45 [restartedMain] DEBUG o.s.b.f.s.DefaultListableBeanFactory -
				Returning cached instance of singleton bean 'configurationPropertiesRebinderAutoConfiguration'
2019-04-05 06:26:45 [restartedMain] DEBUG o.s.b.f.s.DefaultListableBeanFactory -
				Creating shared instance of singleton bean 'propertyPlaceholderAutoConfiguration'
2019-04-05 06:26:45 [restartedMain] DEBUG o.s.b.f.s.DefaultListableBeanFactory -
				Creating instance of bean 'propertyPlaceholderAutoConfiguration'
2019-04-05 06:26:45 [restartedMain] DEBUG o.s.b.f.s.DefaultListableBeanFactory -
				Eagerly caching bean 'propertyPlaceholderAutoConfiguration' to allow for resolving potential circular references
2019-04-05 06:26:45 [restartedMain] DEBUG o.s.b.f.s.DefaultListableBeanFactory -
				Finished creating instance of bean 'propertyPlaceholderAutoConfiguration'
2019-04-05 06:26:45 [restartedMain] DEBUG o.s.b.f.s.DefaultListableBeanFactory -
				Returning cached instance of singleton bean 'configServiceBootstrapConfiguration'
2019-04-05 06:26:45 [restartedMain] DEBUG o.s.b.f.s.DefaultListableBeanFactory -
				Returning cached instance of singleton bean 'org.springframework.boot.autoconfigure.internalCachingMetadataReaderFactory'
2019-04-05 06:26:45 [restartedMain] DEBUG o.s.b.f.s.DefaultListableBeanFactory -
				Creating shared instance of singleton bean 'spring.cloud.config-org.springframework.cloud.bootstrap.config.PropertySourceBootstrapProperties'
2019-04-05 06:26:45 [restartedMain] DEBUG o.s.b.f.s.DefaultListableBeanFactory -
				Creating instance of bean 'spring.cloud.config-org.springframework.cloud.bootstrap.config.PropertySourceBootstrapProperties'
2019-04-05 06:26:45 [restartedMain] DEBUG o.s.b.f.s.DefaultListableBeanFactory -
				Eagerly caching bean 'spring.cloud.config-org.springframework.cloud.bootstrap.config.PropertySourceBootstrapProperties' to allow for resolving potential circular references
2019-04-05 06:26:45 [restartedMain] DEBUG o.s.b.f.s.DefaultListableBeanFactory -
				Finished creating instance of bean 'spring.cloud.config-org.springframework.cloud.bootstrap.config.PropertySourceBootstrapProperties'
2019-04-05 06:26:45 [restartedMain] DEBUG o.s.b.f.s.DefaultListableBeanFactory -
				Returning cached instance of singleton bean 'org.springframework.boot.context.properties.ConfigurationPropertiesBindingPostProcessor'
2019-04-05 06:26:45 [restartedMain] DEBUG o.s.b.f.s.DefaultListableBeanFactory -
				Returning cached instance of singleton bean 'org.springframework.boot.context.properties.ConfigurationBeanFactoryMetadata'
2019-04-05 06:26:45 [restartedMain] DEBUG o.s.b.f.s.DefaultListableBeanFactory -
				Creating shared instance of singleton bean 'environmentDecryptApplicationListener'
2019-04-05 06:26:45 [restartedMain] DEBUG o.s.b.f.s.DefaultListableBeanFactory -
				Creating instance of bean 'environmentDecryptApplicationListener'
2019-04-05 06:26:45 [restartedMain] DEBUG o.s.b.f.s.DefaultListableBeanFactory -
				Returning cached instance of singleton bean 'encryptionBootstrapConfiguration'
2019-04-05 06:26:45 [restartedMain] DEBUG o.s.b.f.s.DefaultListableBeanFactory -
				Eagerly caching bean 'environmentDecryptApplicationListener' to allow for resolving potential circular references
2019-04-05 06:26:45 [restartedMain] DEBUG o.s.b.f.s.DefaultListableBeanFactory -
				Finished creating instance of bean 'environmentDecryptApplicationListener'
2019-04-05 06:26:45 [restartedMain] DEBUG o.s.b.f.s.DefaultListableBeanFactory -
				Returning cached instance of singleton bean 'encrypt-org.springframework.cloud.bootstrap.encrypt.KeyProperties'
2019-04-05 06:26:45 [restartedMain] DEBUG o.s.b.f.s.DefaultListableBeanFactory -
				Returning cached instance of singleton bean 'org.springframework.boot.autoconfigure.condition.BeanTypeRegistry'
2019-04-05 06:26:45 [restartedMain] DEBUG o.s.b.f.s.DefaultListableBeanFactory -
				Returning cached instance of singleton bean 'configurationPropertiesBeans'
2019-04-05 06:26:45 [restartedMain] DEBUG o.s.b.f.s.DefaultListableBeanFactory -
				Creating shared instance of singleton bean 'configurationPropertiesRebinder'
2019-04-05 06:26:45 [restartedMain] DEBUG o.s.b.f.s.DefaultListableBeanFactory -
				Creating instance of bean 'configurationPropertiesRebinder'
2019-04-05 06:26:45 [restartedMain] DEBUG o.s.b.f.s.DefaultListableBeanFactory -
				Returning cached instance of singleton bean 'configurationPropertiesRebinderAutoConfiguration'
2019-04-05 06:26:45 [restartedMain] DEBUG o.s.b.f.s.DefaultListableBeanFactory -
				Returning cached instance of singleton bean 'configurationPropertiesBeans'
2019-04-05 06:26:45 [restartedMain] DEBUG o.s.b.f.s.DefaultListableBeanFactory -
				Autowiring by type from bean name 'configurationPropertiesRebinder' via factory method to bean named 'configurationPropertiesBeans'
2019-04-05 06:26:45 [restartedMain] DEBUG o.s.b.f.s.DefaultListableBeanFactory -
				Eagerly caching bean 'configurationPropertiesRebinder' to allow for resolving potential circular references
2019-04-05 06:26:45 [restartedMain] DEBUG o.s.b.f.s.DefaultListableBeanFactory -
				Finished creating instance of bean 'configurationPropertiesRebinder'
2019-04-05 06:26:45 [restartedMain] DEBUG o.s.b.f.s.DefaultListableBeanFactory -
				Returning cached instance of singleton bean 'propertySourcesPlaceholderConfigurer'
2019-04-05 06:26:45 [restartedMain] DEBUG o.s.b.f.s.DefaultListableBeanFactory -
				Returning cached instance of singleton bean 'configClientProperties'
2019-04-05 06:26:45 [restartedMain] DEBUG o.s.b.f.s.DefaultListableBeanFactory -
				Returning cached instance of singleton bean 'configServicePropertySource'
2019-04-05 06:26:45 [restartedMain] DEBUG o.s.b.f.s.DefaultListableBeanFactory -
				Returning cached instance of singleton bean 'org.springframework.context.event.internalEventListenerFactory'
2019-04-05 06:26:45 [restartedMain] DEBUG o.s.c.a.AnnotationConfigApplicationContext -
				Unable to locate LifecycleProcessor with name 'lifecycleProcessor': using default [org.springframework.context.support.DefaultLifecycleProcessor@61372c09]
2019-04-05 06:26:45 [restartedMain] DEBUG o.s.b.f.s.DefaultListableBeanFactory -
				Returning cached instance of singleton bean 'lifecycleProcessor'
2019-04-05 06:26:45 [restartedMain] DEBUG o.s.b.f.s.DefaultListableBeanFactory -
				Returning cached instance of singleton bean 'org.springframework.boot.autoconfigure.internalCachingMetadataReaderFactory'
2019-04-05 06:26:45 [restartedMain] DEBUG o.s.b.a.l.ConditionEvaluationReportLoggingListener -
				


============================
CONDITIONS EVALUATION REPORT
============================


Positive matches:
-----------------

   ConfigServiceBootstrapConfiguration#configServicePropertySource matched:
      - @ConditionalOnProperty (spring.cloud.config.enabled) matched (OnPropertyCondition)
      - @ConditionalOnMissingBean (types: org.springframework.cloud.config.client.ConfigServicePropertySourceLocator; SearchStrategy: all) did not find any beans (OnBeanCondition)

   ConfigurationPropertiesRebinderAutoConfiguration matched:
      - @ConditionalOnBean (types: org.springframework.boot.context.properties.ConfigurationPropertiesBindingPostProcessor; SearchStrategy: all) found bean 'org.springframework.boot.context.properties.ConfigurationPropertiesBindingPostProcessor' (OnBeanCondition)

   ConfigurationPropertiesRebinderAutoConfiguration#configurationPropertiesBeans matched:
      - @ConditionalOnMissingBean (types: org.springframework.cloud.context.properties.ConfigurationPropertiesBeans; SearchStrategy: current) did not find any beans (OnBeanCondition)

   ConfigurationPropertiesRebinderAutoConfiguration#configurationPropertiesRebinder matched:
      - @ConditionalOnMissingBean (types: org.springframework.cloud.context.properties.ConfigurationPropertiesRebinder; SearchStrategy: current) did not find any beans (OnBeanCondition)

   EncryptionBootstrapConfiguration matched:
      - @ConditionalOnClass found required class 'org.springframework.security.crypto.encrypt.TextEncryptor'; @ConditionalOnMissingClass did not find unwanted class (OnClassCondition)

   PropertyPlaceholderAutoConfiguration#propertySourcesPlaceholderConfigurer matched:
      - @ConditionalOnMissingBean (types: org.springframework.context.support.PropertySourcesPlaceholderConfigurer; SearchStrategy: current) did not find any beans (OnBeanCondition)


Negative matches:
-----------------

   ConfigServiceBootstrapConfiguration.RetryConfiguration:
      Did not match:
         - @ConditionalOnClass did not find required class 'org.springframework.retry.annotation.Retryable' (OnClassCondition)

   DiscoveryClientConfigServiceBootstrapConfiguration:
      Did not match:
         - @ConditionalOnProperty (spring.cloud.config.discovery.enabled) did not find property 'spring.cloud.config.discovery.enabled' (OnPropertyCondition)

   EncryptionBootstrapConfiguration.RsaEncryptionConfiguration:
      Did not match:
         - Keystore nor key found in Environment (EncryptionBootstrapConfiguration.KeyCondition)
      Matched:
         - @ConditionalOnClass found required class 'org.springframework.security.rsa.crypto.RsaSecretEncryptor'; @ConditionalOnMissingClass did not find unwanted class (OnClassCondition)

   EncryptionBootstrapConfiguration.VanillaEncryptionConfiguration:
      Did not match:
         - @ConditionalOnMissingClass found unwanted class 'org.springframework.security.rsa.crypto.RsaSecretEncryptor' (OnClassCondition)

   EurekaDiscoveryClientConfigServiceBootstrapConfiguration:
      Did not match:
         - @ConditionalOnProperty (spring.cloud.config.discovery.enabled) did not find property 'spring.cloud.config.discovery.enabled' (OnPropertyCondition)
      Matched:
         - @ConditionalOnClass found required class 'org.springframework.cloud.config.client.ConfigServicePropertySourceLocator'; @ConditionalOnMissingClass did not find unwanted class (OnClassCondition)


Exclusions:
-----------

    None


Unconditional classes:
----------------------

    None



2019-04-05 06:26:45 [restartedMain] DEBUG o.s.c.e.PropertySourcesPropertyResolver -
				Found key 'spring.liveBeansView.mbeanDomain' in PropertySource 'systemProperties' with value of type String
2019-04-05 06:26:45 [restartedMain] DEBUG o.s.boot.devtools.restart.Restarter -
				Creating new Restarter for thread Thread[main,5,main]
2019-04-05 06:26:45 [restartedMain] DEBUG o.s.boot.devtools.restart.Restarter -
				Immediately restarting application
2019-04-05 06:26:45 [restartedMain] DEBUG o.s.boot.devtools.restart.Restarter -
				Created RestartClassLoader org.springframework.boot.devtools.restart.classloader.RestartClassLoader@8f6584b
2019-04-05 06:26:45 [restartedMain] DEBUG o.s.boot.devtools.restart.Restarter -
				Starting application com.stackroute.keepnote.NoteServiceApplication with URLs [file:/home/ubuntu/Desktop/finalfsd/NoteService/target/classes/]
2019-04-05 06:26:45 [restartedMain] DEBUG o.s.core.env.StandardEnvironment -
				Removing PropertySource 'bootstrap'
2019-04-05 06:26:45 [restartedMain] DEBUG o.s.core.env.StandardEnvironment -
				Removing PropertySource 'springCloudClientHostInfo'
2019-04-05 06:26:45 [restartedMain] DEBUG o.s.core.env.StandardEnvironment -
				Removing PropertySource 'refresh'
2019-04-05 06:26:45 [restartedMain] DEBUG o.s.w.c.s.StandardServletEnvironment -
				Adding PropertySource 'defaultProperties' with lowest search precedence
2019-04-05 06:26:45 [restartedMain] DEBUG o.s.core.env.StandardEnvironment -
				Adding PropertySource 'defaultProperties' with lowest search precedence
2019-04-05 06:26:45 [restartedMain] DEBUG o.s.b.f.s.DefaultListableBeanFactory -
				Returning cached instance of singleton bean 'propertySourceBootstrapConfiguration'
2019-04-05 06:26:45 [restartedMain] DEBUG o.s.b.f.s.DefaultListableBeanFactory -
				Returning cached instance of singleton bean 'environmentDecryptApplicationListener'
2019-04-05 06:26:46 [restartedMain] INFO  c.s.keepnote.NoteServiceApplication -
				No active profile set, falling back to default profiles: default
2019-04-05 06:27:17 [restartedMain] INFO  c.s.keepnote.NoteServiceApplication -
				Started NoteServiceApplication in 33.876 seconds (JVM running for 35.936)
